<?xml version="1.0" encoding="UTF-8"?>
<!-- Generated by org.testng.reporters.JUnitReportReporter -->
<testsuite hostname="DESKTOP-VTBT3RG" failures="0" tests="4" name="Testcase.FacebookLogin" time="31.679" errors="0" timestamp="2022-06-25T10:16:46 IST" skipped="0">
  <testcase classname="Testcase.FacebookLogin" name="ValidLoginandlogout" time="8.693"/>
  <system-out/>
  <testcase classname="Testcase.FacebookLogin" name="ValidLoginandlogout" time="8.083"/>
  <system-out/>
  <testcase classname="Testcase.FacebookLogin" name="ValidLoginandlogout" time="7.521"/>
  <system-out/>
  <testcase classname="Testcase.FacebookLogin" name="ValidLoginandlogout" time="7.382"/>
  <system-out/>
</testsuite> <!-- Testcase.FacebookLogin -->
