<?xml version="1.0" encoding="UTF-8"?>
<!-- Generated by org.testng.reporters.JUnitReportReporter -->
<testsuite skipped="0" hostname="DESKTOP-VTBT3RG" name="Testcase.FacebookLogin" tests="8" failures="0" timestamp="2023-02-18T12:37:05 IST" time="90.243" errors="0">
  <testcase name="ValidLoginandlogout" time="17.625" classname="Testcase.FacebookLogin"/>
  <system-out/>
  <testcase name="ValidLoginandlogout" time="9.926" classname="Testcase.FacebookLogin"/>
  <system-out/>
  <testcase name="ValidLoginandlogout" time="10.299" classname="Testcase.FacebookLogin"/>
  <system-out/>
  <testcase name="ValidLoginandlogout" time="8.505" classname="Testcase.FacebookLogin"/>
  <system-out/>
  <testcase name="ValidLoginandlogout" time="10.029" classname="Testcase.FacebookLogin"/>
  <system-out/>
  <testcase name="ValidLoginandlogout" time="17.744" classname="Testcase.FacebookLogin"/>
  <system-out/>
  <testcase name="ValidLoginandlogout" time="7.794" classname="Testcase.FacebookLogin"/>
  <system-out/>
  <testcase name="ValidLoginandlogout" time="8.321" classname="Testcase.FacebookLogin"/>
  <system-out/>
</testsuite> <!-- Testcase.FacebookLogin -->
