<?xml version="1.0" encoding="UTF-8"?>
<!-- Generated by org.testng.reporters.JUnitReportReporter -->
<testsuite hostname="DESKTOP-VTBT3RG" failures="0" tests="1" name="SeleniumTestngBasics.SecondpageforTestng" time="0.005" errors="0" timestamp="2022-06-19T09:38:03 IST" skipped="0">
  <testcase classname="SeleniumTestngBasics.SecondpageforTestng" name="Testcase2" time="0.005"/>
  <system-out/>
</testsuite> <!-- SeleniumTestngBasics.SecondpageforTestng -->
