<?xml version="1.0" encoding="UTF-8"?>
<!-- Generated by org.testng.reporters.JUnitReportReporter -->
<testsuite hostname="DESKTOP-VTBT3RG" failures="0" tests="4" name="Testcase.FacebookLogin" time="31.409" errors="0" timestamp="2022-06-26T09:13:51 IST" skipped="0">
  <testcase classname="Testcase.FacebookLogin" name="ValidLoginandlogout" time="7.810"/>
  <system-out/>
  <testcase classname="Testcase.FacebookLogin" name="ValidLoginandlogout" time="7.505"/>
  <system-out/>
  <testcase classname="Testcase.FacebookLogin" name="ValidLoginandlogout" time="7.689"/>
  <system-out/>
  <testcase classname="Testcase.FacebookLogin" name="ValidLoginandlogout" time="8.405"/>
  <system-out/>
</testsuite> <!-- Testcase.FacebookLogin -->
