<?xml version="1.0" encoding="UTF-8"?>
<!-- Generated by org.testng.reporters.JUnitReportReporter -->
<testsuite hostname="DESKTOP-VTBT3RG" failures="0" tests="3" name="SeleniumTestngBasics.Testngannotations" time="0.009" errors="0" timestamp="2022-06-19T09:36:35 IST" skipped="1">
  <testcase classname="SeleniumTestngBasics.Testngannotations" name="Testcase2" time="0.002"/>
  <system-out/>
  <testcase classname="SeleniumTestngBasics.Testngannotations" name="Testcase1" time="0.007"/>
  <system-out/>
  <testcase classname="SeleniumTestngBasics.Testngannotations" name="Testcase3">
    <skipped/>
  </testcase> <!-- Testcase3 -->
  <system-out/>
</testsuite> <!-- SeleniumTestngBasics.Testngannotations -->
